#
# A fatal error has been detected by the Java Runtime Environment:
#
#  SIGSEGV (0xb) at pc=0x00007f59a6cc6939, pid=23040, tid=140024404629248
#
# JRE version: OpenJDK Runtime Environment (7.0_55-b14) (build 1.7.0_55-b14)
# Java VM: OpenJDK 64-Bit Server VM (24.51-b03 mixed mode linux-amd64 compressed oops)
# Problematic frame:
# C  [xuggle4020746519555200215.tmp+0x772939]  avcodec_decode_video2+0xb9
#
# Failed to write core dump. Core dumps have been disabled. To enable core dumping, try "ulimit -c unlimited" before starting Java again
#
# If you would like to submit a bug report, please include
# instructions on how to reproduce the bug and visit:
#   http://icedtea.classpath.org/bugzilla
# The crash happened outside the Java Virtual Machine in native code.
# See problematic frame for where to report the bug.
#

---------------  T H R E A D  ---------------

Current thread (0x00007f59f000a800):  JavaThread "main" [_thread_in_native, id=23045, stack(0x00007f59f8d5d000,0x00007f59f8e5e000)]

siginfo:si_signo=SIGSEGV: si_errno=0, si_code=1 (SEGV_MAPERR), si_addr=0x0000000000000018

Registers:
RAX=0x0000000000000000, RBX=0x00007f59f031eea0, RCX=0x00007f59f031eea0, RDX=0x0000000000000000
RSP=0x00007f59f8e5c3d0, RBP=0x00007f59f8e5c4a0, RSI=0x0000000000000120, RDI=0x0000000000000160
R8 =0x0000000000030c00, R9 =0x0000000000000002, R10=0x00007f59f80406e0, R11=0x00007f59f8e5be50
R12=0x00007f59f0351220, R13=0x000000077bce5570, R14=0x00007f59f8e5c568, R15=0x00007f59f000a800
RIP=0x00007f59a6cc6939, EFLAGS=0x0000000000010246, CSGSFS=0x0000000000000033, ERR=0x0000000000000004
  TRAPNO=0x000000000000000e

Top of Stack: (sp=0x00007f59f8e5c3d0)
0x00007f59f8e5c3d0:   00007f59f8e5c3e0 ffffffffa66f4026
0x00007f59f8e5c3e0:   0000000000000001 0000000000000001
0x00007f59f8e5c3f0:   00007f59f0336760 0000000000005d16
0x00007f59f8e5c400:   0000000100000000 0000000000000000
0x00007f59f8e5c410:   0000000100000000 0000000000000000
0x00007f59f8e5c420:   00007f59f000a9d8 0000000000002c16
0x00007f59f8e5c430:   0000000000000000 00007f59a66e767a
0x00007f59f8e5c440:   00007f59a66f4026 00007f59f0351220
0x00007f59f8e5c450:   00007f59f8e5c5a0 0000000000000000
0x00007f59f8e5c460:   000000077bce5570 00007f59f8e5c758
0x00007f59f8e5c470:   00007f59f000a800 00007f59a6703a4a
0x00007f59f8e5c480:   00000000f8e5c480 00007f59f035d460
0x00007f59f8e5c490:   00007f59f032b4f0 00007f59f0317a20
0x00007f59f8e5c4a0:   0000000000000001 0000000000000001
0x00007f59f8e5c4b0:   00007f59f0336760 0000000000005d16
0x00007f59f8e5c4c0:   0000000100000000 0000000000000000
0x00007f59f8e5c4d0:   0000000100000000 0000000000000000
0x00007f59f8e5c4e0:   00007f59f000a9d8 0000000000002c16
0x00007f59f8e5c4f0:   0000000000000000 00000007d79f3e28
0x00007f59f8e5c500:   00000007d79f3d98 00007f59f8e5c508
0x00007f59f8e5c510:   00007f59a7970ad0 00007f59f0316660
0x00007f59f8e5c520:   000000077bee2138 0000000000000000
0x00007f59f8e5c530:   000000077bee17d8 0000000000000000
0x00007f59f8e5c540:   00007f59f0336760 00007f59f0351220
0x00007f59f8e5c550:   00007f59f035d460 00007f59f032b4f0
0x00007f59f8e5c560:   00005d16f032b4f0 ffffffff00000000
0x00007f59f8e5c570:   00000007d79f3e28 00007f59f032b4f0
0x00007f59f8e5c580:   0000000000000000 000000077bce5570
0x00007f59f8e5c590:   00007f59f8e5c758 00007f59f000a800
0x00007f59f8e5c5a0:   00007f59f8e5c650 00007f59a67358f1
0x00007f59f8e5c5b0:   00007f59f8e5c730 00007f59f032b4f0
0x00007f59f8e5c5c0:   00007f59f8e5c748 00007f59f0317a20 

Instructions: (pc=0x00007f59a6cc6939)
0x00007f59a6cc6919:   8b bf 9c 00 00 00 85 ff 0f 85 39 03 00 00 8b b3
0x00007f59a6cc6929:   a0 00 00 00 85 f6 0f 85 31 03 00 00 48 8b 43 10
0x00007f59a6cc6939:   f6 40 18 20 75 0b 8b 7d 18 85 ff 0f 84 ee 01 00
0x00007f59a6cc6949:   00 4c 8d 6c 24 10 4c 89 ef e8 f9 2e c4 ff 41 89 

Register to memory mapping:

RAX=0x0000000000000000 is an unknown value
RBX=0x00007f59f031eea0 is an unknown value
RCX=0x00007f59f031eea0 is an unknown value
RDX=0x0000000000000000 is an unknown value
RSP=0x00007f59f8e5c3d0 is pointing into the stack for thread: 0x00007f59f000a800
RBP=0x00007f59f8e5c4a0 is pointing into the stack for thread: 0x00007f59f000a800
RSI=0x0000000000000120 is an unknown value
RDI=0x0000000000000160 is an unknown value
R8 =0x0000000000030c00 is an unknown value
R9 =0x0000000000000002 is an unknown value
R10=0x00007f59f80406e0: <offset 0xdb36e0> in /usr/lib/jvm/java-7-openjdk-amd64/jre/lib/amd64/server/libjvm.so at 0x00007f59f728d000
R11=0x00007f59f8e5be50 is pointing into the stack for thread: 0x00007f59f000a800
R12=0x00007f59f0351220 is an unknown value
R13=0x000000077bce5570 is an oop
{method} 
 - klass: {other class}
R14=0x00007f59f8e5c568 is pointing into the stack for thread: 0x00007f59f000a800
R15=0x00007f59f000a800 is a thread


Stack: [0x00007f59f8d5d000,0x00007f59f8e5e000],  sp=0x00007f59f8e5c3d0,  free space=1020k
Native frames: (J=compiled Java code, j=interpreted, Vv=VM code, C=native code)
C  [xuggle4020746519555200215.tmp+0x772939]  avcodec_decode_video2+0xb9

Java frames: (J=compiled Java code, j=interpreted, Vv=VM code)
j  com.xuggle.xuggler.XugglerJNI.IStreamCoder_decodeVideo(JLcom/xuggle/xuggler/IStreamCoder;JLcom/xuggle/xuggler/IVideoPicture;JLcom/xuggle/xuggler/IPacket;I)I+0
j  com.xuggle.xuggler.IStreamCoder.decodeVideo(Lcom/xuggle/xuggler/IVideoPicture;Lcom/xuggle/xuggler/IPacket;I)I+16
j  itm.video.VideoFrameGrabber.processVideo(Ljava/io/File;Ljava/io/File;)Ljava/io/File;+283
j  itm.video.VideoFrameGrabber.batchProcessVideoFiles(Ljava/io/File;Ljava/io/File;)Ljava/util/ArrayList;+372
j  itm.video.VideoFrameGrabber.main([Ljava/lang/String;)V+78
v  ~StubRoutines::call_stub

---------------  P R O C E S S  ---------------

Java Threads: ( => current thread )
  0x00007f59f00af800 JavaThread "Service Thread" daemon [_thread_blocked, id=23060, stack(0x00007f59c6569000,0x00007f59c666a000)]
  0x00007f59f00ad000 JavaThread "C2 CompilerThread1" daemon [_thread_blocked, id=23059, stack(0x00007f59c666a000,0x00007f59c676b000)]
  0x00007f59f00aa000 JavaThread "C2 CompilerThread0" daemon [_thread_blocked, id=23058, stack(0x00007f59c676b000,0x00007f59c686c000)]
  0x00007f59f00a8000 JavaThread "Signal Dispatcher" daemon [_thread_blocked, id=23057, stack(0x00007f59c686c000,0x00007f59c696d000)]
  0x00007f59f0085000 JavaThread "Finalizer" daemon [_thread_blocked, id=23056, stack(0x00007f59c71c4000,0x00007f59c72c5000)]
  0x00007f59f0083000 JavaThread "Reference Handler" daemon [_thread_blocked, id=23055, stack(0x00007f59c72c5000,0x00007f59c73c6000)]
=>0x00007f59f000a800 JavaThread "main" [_thread_in_native, id=23045, stack(0x00007f59f8d5d000,0x00007f59f8e5e000)]

Other Threads:
  0x00007f59f007e800 VMThread [stack: 0x00007f59c73c6000,0x00007f59c74c7000] [id=23054]
  0x00007f59f00ba000 WatcherThread [stack: 0x00007f59c6468000,0x00007f59c6569000] [id=23061]

VM state:not at safepoint (normal execution)

VM Mutex/Monitor currently owned by a thread: None

Heap
 PSYoungGen      total 36864K, used 5363K [0x00000007d7500000, 0x00000007d9e00000, 0x0000000800000000)
  eden space 31744K, 16% used [0x00000007d7500000,0x00000007d7a3cc60,0x00000007d9400000)
  from space 5120K, 0% used [0x00000007d9900000,0x00000007d9900000,0x00000007d9e00000)
  to   space 5120K, 0% used [0x00000007d9400000,0x00000007d9400000,0x00000007d9900000)
 ParOldGen       total 82944K, used 0K [0x0000000786000000, 0x000000078b100000, 0x00000007d7500000)
  object space 82944K, 0% used [0x0000000786000000,0x0000000786000000,0x000000078b100000)
 PSPermGen       total 21504K, used 5283K [0x000000077ba00000, 0x000000077cf00000, 0x0000000786000000)
  object space 21504K, 24% used [0x000000077ba00000,0x000000077bf28fa0,0x000000077cf00000)

Card table byte_map: [0x00007f59f55bf000,0x00007f59f59e3000] byte_map_base: 0x00007f59f19e2000

Polling page: 0x00007f59f8e7d000

Code Cache  [0x00007f59ed000000, 0x00007f59ed270000, 0x00007f59f0000000)
 total_blobs=291 nmethods=21 adapters=224 free_code_cache=48685Kb largest_free_block=49834752

Compilation events (10 events):
Event: 0,286 Thread 0x00007f59f00aa000   16             java.util.zip.Inflater::ensureOpen (47 bytes)
Event: 0,286 Thread 0x00007f59f00aa000 nmethod 16 0x00007f59ed072f50 code [0x00007f59ed0730a0, 0x00007f59ed073138]
Event: 0,287 Thread 0x00007f59f00ad000   17   !         java.util.zip.InflaterInputStream::read (138 bytes)
Event: 0,287 Thread 0x00007f59f00aa000   18   !         java.util.zip.Inflater::inflate (113 bytes)
Event: 0,289 Thread 0x00007f59f00aa000 nmethod 18 0x00007f59ed06dd10 code [0x00007f59ed06de80, 0x00007f59ed06e2c8]
Event: 0,295 Thread 0x00007f59f00ad000 nmethod 17 0x00007f59ed077790 code [0x00007f59ed077980, 0x00007f59ed078ac8]
Event: 0,308 Thread 0x00007f59f00aa000   20             java.lang.Math::min (11 bytes)
Event: 0,308 Thread 0x00007f59f00aa000 nmethod 20 0x00007f59ed05f6d0 code [0x00007f59ed05f800, 0x00007f59ed05f838]
Event: 0,320 Thread 0x00007f59f00ad000   21             java.lang.String::length (6 bytes)
Event: 0,320 Thread 0x00007f59f00ad000 nmethod 21 0x00007f59ed071550 code [0x00007f59ed071680, 0x00007f59ed0716f8]

GC Heap History (0 events):
No events

Deoptimization events (0 events):
No events

Internal exceptions (10 events):
Event: 0,322 Thread 0x00007f59f000a800 Threw 0x00000007d798f310 at /build/buildd/openjdk-7-7u55-2.4.7/build/openjdk/hotspot/src/share/vm/prims/jvm.cpp:1244
Event: 0,323 Thread 0x00007f59f000a800 Threw 0x00000007d7999160 at /build/buildd/openjdk-7-7u55-2.4.7/build/openjdk/hotspot/src/share/vm/prims/jvm.cpp:1244
Event: 0,324 Thread 0x00007f59f000a800 Threw 0x00000007d79a4bc0 at /build/buildd/openjdk-7-7u55-2.4.7/build/openjdk/hotspot/src/share/vm/prims/jvm.cpp:1244
Event: 0,324 Thread 0x00007f59f000a800 Threw 0x00000007d79afea8 at /build/buildd/openjdk-7-7u55-2.4.7/build/openjdk/hotspot/src/share/vm/prims/jvm.cpp:1244
Event: 0,325 Thread 0x00007f59f000a800 Threw 0x00000007d79c4e78 at /build/buildd/openjdk-7-7u55-2.4.7/build/openjdk/hotspot/src/share/vm/prims/jvm.cpp:1244
Event: 0,326 Thread 0x00007f59f000a800 Threw 0x00000007d79ca6d0 at /build/buildd/openjdk-7-7u55-2.4.7/build/openjdk/hotspot/src/share/vm/prims/jvm.cpp:1244
Event: 0,326 Thread 0x00007f59f000a800 Threw 0x00000007d79cf5e8 at /build/buildd/openjdk-7-7u55-2.4.7/build/openjdk/hotspot/src/share/vm/prims/jvm.cpp:1244
Event: 0,327 Thread 0x00007f59f000a800 Threw 0x00000007d79da8b8 at /build/buildd/openjdk-7-7u55-2.4.7/build/openjdk/hotspot/src/share/vm/prims/jvm.cpp:1244
Event: 0,328 Thread 0x00007f59f000a800 Threw 0x00000007d79e1be0 at /build/buildd/openjdk-7-7u55-2.4.7/build/openjdk/hotspot/src/share/vm/prims/jvm.cpp:1244
Event: 0,328 Thread 0x00007f59f000a800 Threw 0x00000007d79ec3c8 at /build/buildd/openjdk-7-7u55-2.4.7/build/openjdk/hotspot/src/share/vm/prims/jvm.cpp:1244

Events (10 events):
Event: 0,326 loading class 0x00007f59f46358b0
Event: 0,326 loading class 0x00007f59f46358b0 done
Event: 0,326 loading class 0x00007f59f00ed240
Event: 0,326 loading class 0x00007f59f00ed240 done
Event: 0,327 loading class 0x00007f59f035e5e0
Event: 0,327 loading class 0x00007f59f035e5e0 done
Event: 0,328 loading class 0x00007f59f00ecad0
Event: 0,328 loading class 0x00007f59f00ecad0 done
Event: 0,328 loading class 0x00007f59f02e9f00
Event: 0,328 loading class 0x00007f59f02e9f00 done


Dynamic libraries:
00400000-00401000 r-xp 00000000 08:02 41045989                           /usr/lib/jvm/java-7-openjdk-amd64/jre/bin/java
00600000-00601000 r--p 00000000 08:02 41045989                           /usr/lib/jvm/java-7-openjdk-amd64/jre/bin/java
00601000-00602000 rw-p 00001000 08:02 41045989                           /usr/lib/jvm/java-7-openjdk-amd64/jre/bin/java
020b3000-020d4000 rw-p 00000000 00:00 0                                  [heap]
77ba00000-77cf00000 rw-p 00000000 00:00 0 
77cf00000-786000000 rw-p 00000000 00:00 0 
786000000-78b100000 rw-p 00000000 00:00 0 
78b100000-7d7500000 rw-p 00000000 00:00 0 
7d7500000-7d9e00000 rw-p 00000000 00:00 0 
7d9e00000-800000000 rw-p 00000000 00:00 0 
7f59a0000000-7f59a0021000 rw-p 00000000 00:00 0 
7f59a0021000-7f59a4000000 ---p 00000000 00:00 0 
7f59a6554000-7f59a7727000 r-xp 00000000 08:02 59246400                   /tmp/xuggle/xuggle4020746519555200215.tmp (deleted)
7f59a7727000-7f59a7927000 ---p 011d3000 08:02 59246400                   /tmp/xuggle/xuggle4020746519555200215.tmp (deleted)
7f59a7927000-7f59a7988000 r--p 011d3000 08:02 59246400                   /tmp/xuggle/xuggle4020746519555200215.tmp (deleted)
7f59a7988000-7f59a79c3000 rw-p 01234000 08:02 59246400                   /tmp/xuggle/xuggle4020746519555200215.tmp (deleted)
7f59a79c3000-7f59a8000000 rw-p 00000000 00:00 0 
7f59a8000000-7f59a8140000 rw-p 00000000 00:00 0 
7f59a8140000-7f59ac000000 ---p 00000000 00:00 0 
7f59ac000000-7f59ac021000 rw-p 00000000 00:00 0 
7f59ac021000-7f59b0000000 ---p 00000000 00:00 0 
7f59b0000000-7f59b0021000 rw-p 00000000 00:00 0 
7f59b0021000-7f59b4000000 ---p 00000000 00:00 0 
7f59b4000000-7f59b413e000 rw-p 00000000 00:00 0 
7f59b413e000-7f59b8000000 ---p 00000000 00:00 0 
7f59b8000000-7f59b8021000 rw-p 00000000 00:00 0 
7f59b8021000-7f59bc000000 ---p 00000000 00:00 0 
7f59bc000000-7f59bc021000 rw-p 00000000 00:00 0 
7f59bc021000-7f59c0000000 ---p 00000000 00:00 0 
7f59c0000000-7f59c0021000 rw-p 00000000 00:00 0 
7f59c0021000-7f59c4000000 ---p 00000000 00:00 0 
7f59c4cd1000-7f59c4d02000 rw-p 00000000 00:00 0 
7f59c4d02000-7f59c4d3f000 r-xp 00000000 08:02 10751857                   /lib/x86_64-linux-gnu/libpcre.so.3.13.1
7f59c4d3f000-7f59c4f3f000 ---p 0003d000 08:02 10751857                   /lib/x86_64-linux-gnu/libpcre.so.3.13.1
7f59c4f3f000-7f59c4f40000 r--p 0003d000 08:02 10751857                   /lib/x86_64-linux-gnu/libpcre.so.3.13.1
7f59c4f40000-7f59c4f41000 rw-p 0003e000 08:02 10751857                   /lib/x86_64-linux-gnu/libpcre.so.3.13.1
7f59c4f41000-7f59c4f48000 r-xp 00000000 08:02 39591362                   /usr/lib/x86_64-linux-gnu/libffi.so.6.0.1
7f59c4f48000-7f59c5147000 ---p 00007000 08:02 39591362                   /usr/lib/x86_64-linux-gnu/libffi.so.6.0.1
7f59c5147000-7f59c5148000 r--p 00006000 08:02 39591362                   /usr/lib/x86_64-linux-gnu/libffi.so.6.0.1
7f59c5148000-7f59c5149000 rw-p 00007000 08:02 39591362                   /usr/lib/x86_64-linux-gnu/libffi.so.6.0.1
7f59c5149000-7f59c515f000 r-xp 00000000 08:02 10751880                   /lib/x86_64-linux-gnu/libresolv-2.17.so
7f59c515f000-7f59c535f000 ---p 00016000 08:02 10751880                   /lib/x86_64-linux-gnu/libresolv-2.17.so
7f59c535f000-7f59c5360000 r--p 00016000 08:02 10751880                   /lib/x86_64-linux-gnu/libresolv-2.17.so
7f59c5360000-7f59c5361000 rw-p 00017000 08:02 10751880                   /lib/x86_64-linux-gnu/libresolv-2.17.so
7f59c5361000-7f59c5363000 rw-p 00000000 00:00 0 
7f59c5363000-7f59c5382000 r-xp 00000000 08:02 10751884                   /lib/x86_64-linux-gnu/libselinux.so.1
7f59c5382000-7f59c5582000 ---p 0001f000 08:02 10751884                   /lib/x86_64-linux-gnu/libselinux.so.1
7f59c5582000-7f59c5583000 r--p 0001f000 08:02 10751884                   /lib/x86_64-linux-gnu/libselinux.so.1
7f59c5583000-7f59c5584000 rw-p 00020000 08:02 10751884                   /lib/x86_64-linux-gnu/libselinux.so.1
7f59c5584000-7f59c5585000 rw-p 00000000 00:00 0 
7f59c5585000-7f59c5588000 r-xp 00000000 08:02 39585043                   /usr/lib/x86_64-linux-gnu/libgmodule-2.0.so.0.3800.1
7f59c5588000-7f59c5787000 ---p 00003000 08:02 39585043                   /usr/lib/x86_64-linux-gnu/libgmodule-2.0.so.0.3800.1
7f59c5787000-7f59c5788000 r--p 00002000 08:02 39585043                   /usr/lib/x86_64-linux-gnu/libgmodule-2.0.so.0.3800.1
7f59c5788000-7f59c5789000 rw-p 00003000 08:02 39585043                   /usr/lib/x86_64-linux-gnu/libgmodule-2.0.so.0.3800.1
7f59c5789000-7f59c5887000 r-xp 00000000 08:02 10751701                   /lib/x86_64-linux-gnu/libglib-2.0.so.0.3800.1
7f59c5887000-7f59c5a87000 ---p 000fe000 08:02 10751701                   /lib/x86_64-linux-gnu/libglib-2.0.so.0.3800.1
7f59c5a87000-7f59c5a88000 r--p 000fe000 08:02 10751701                   /lib/x86_64-linux-gnu/libglib-2.0.so.0.3800.1
7f59c5a88000-7f59c5a89000 rw-p 000ff000 08:02 10751701                   /lib/x86_64-linux-gnu/libglib-2.0.so.0.3800.1
7f59c5a89000-7f59c5a8a000 rw-p 00000000 00:00 0 
7f59c5a8a000-7f59c5ad9000 r-xp 00000000 08:02 39584153                   /usr/lib/x86_64-linux-gnu/libgobject-2.0.so.0.3800.1
7f59c5ad9000-7f59c5cd9000 ---p 0004f000 08:02 39584153                   /usr/lib/x86_64-linux-gnu/libgobject-2.0.so.0.3800.1
7f59c5cd9000-7f59c5cda000 r--p 0004f000 08:02 39584153                   /usr/lib/x86_64-linux-gnu/libgobject-2.0.so.0.3800.1
7f59c5cda000-7f59c5cdb000 rw-p 00050000 08:02 39584153                   /usr/lib/x86_64-linux-gnu/libgobject-2.0.so.0.3800.1
7f59c5cdb000-7f59c5e37000 r-xp 00000000 08:02 39583956                   /usr/lib/x86_64-linux-gnu/libgio-2.0.so.0.3800.1
7f59c5e37000-7f59c6036000 ---p 0015c000 08:02 39583956                   /usr/lib/x86_64-linux-gnu/libgio-2.0.so.0.3800.1
7f59c6036000-7f59c603a000 r--p 0015b000 08:02 39583956                   /usr/lib/x86_64-linux-gnu/libgio-2.0.so.0.3800.1
7f59c603a000-7f59c603c000 rw-p 0015f000 08:02 39583956                   /usr/lib/x86_64-linux-gnu/libgio-2.0.so.0.3800.1
7f59c603c000-7f59c603e000 rw-p 00000000 00:00 0 
7f59c603e000-7f59c6054000 r-xp 00000000 08:02 41029926                   /usr/lib/jvm/java-7-openjdk-amd64/jre/lib/amd64/libnet.so
7f59c6054000-7f59c6254000 ---p 00016000 08:02 41029926                   /usr/lib/jvm/java-7-openjdk-amd64/jre/lib/amd64/libnet.so
7f59c6254000-7f59c6255000 r--p 00016000 08:02 41029926                   /usr/lib/jvm/java-7-openjdk-amd64/jre/lib/amd64/libnet.so
7f59c6255000-7f59c6256000 rw-p 00017000 08:02 41029926                   /usr/lib/jvm/java-7-openjdk-amd64/jre/lib/amd64/libnet.so
7f59c6256000-7f59c6266000 r-xp 00000000 08:02 41045895                   /usr/lib/jvm/java-7-openjdk-amd64/jre/lib/amd64/libnio.so
7f59c6266000-7f59c6466000 ---p 00010000 08:02 41045895                   /usr/lib/jvm/java-7-openjdk-amd64/jre/lib/amd64/libnio.so
7f59c6466000-7f59c6467000 r--p 00010000 08:02 41045895                   /usr/lib/jvm/java-7-openjdk-amd64/jre/lib/amd64/libnio.so
7f59c6467000-7f59c6468000 rw-p 00011000 08:02 41045895                   /usr/lib/jvm/java-7-openjdk-amd64/jre/lib/amd64/libnio.so
7f59c6468000-7f59c6469000 ---p 00000000 00:00 0 
7f59c6469000-7f59c6569000 rw-p 00000000 00:00 0                          [stack:23061]
7f59c6569000-7f59c656c000 ---p 00000000 00:00 0 
7f59c656c000-7f59c666a000 rw-p 00000000 00:00 0                          [stack:23060]
7f59c666a000-7f59c666d000 ---p 00000000 00:00 0 
7f59c666d000-7f59c676b000 rw-p 00000000 00:00 0                          [stack:23059]
7f59c676b000-7f59c676e000 ---p 00000000 00:00 0 
7f59c676e000-7f59c686c000 rw-p 00000000 00:00 0                          [stack:23058]
7f59c686c000-7f59c686f000 ---p 00000000 00:00 0 
7f59c686f000-7f59c696d000 rw-p 00000000 00:00 0                          [stack:23057]
7f59c696d000-7f59c71c4000 r--p 00000000 08:02 39590411                   /usr/lib/locale/locale-archive
7f59c71c4000-7f59c71c7000 ---p 00000000 00:00 0 
7f59c71c7000-7f59c72c5000 rw-p 00000000 00:00 0                          [stack:23056]
7f59c72c5000-7f59c72c8000 ---p 00000000 00:00 0 
7f59c72c8000-7f59c73c6000 rw-p 00000000 00:00 0                          [stack:23055]
7f59c73c6000-7f59c73c7000 ---p 00000000 00:00 0 
7f59c73c7000-7f59cc000000 rw-p 00000000 00:00 0                          [stack:23054]
7f59cc000000-7f59cc021000 rw-p 00000000 00:00 0 
7f59cc021000-7f59d0000000 ---p 00000000 00:00 0 
7f59d0000000-7f59d0021000 rw-p 00000000 00:00 0 
7f59d0021000-7f59d4000000 ---p 00000000 00:00 0 
7f59d4000000-7f59d4021000 rw-p 00000000 00:00 0 
7f59d4021000-7f59d8000000 ---p 00000000 00:00 0 
7f59d8000000-7f59d8021000 rw-p 00000000 00:00 0 
7f59d8021000-7f59dc000000 ---p 00000000 00:00 0 
7f59dc000000-7f59dc021000 rw-p 00000000 00:00 0 
7f59dc021000-7f59e0000000 ---p 00000000 00:00 0 
7f59e0000000-7f59e0021000 rw-p 00000000 00:00 0 
7f59e0021000-7f59e4000000 ---p 00000000 00:00 0 
7f59e4000000-7f59e4021000 rw-p 00000000 00:00 0 
7f59e4021000-7f59e8000000 ---p 00000000 00:00 0 
7f59e8000000-7f59e8021000 rw-p 00000000 00:00 0 
7f59e8021000-7f59ec000000 ---p 00000000 00:00 0 
7f59ec000000-7f59ec007000 r--s 00000000 08:02 39978183                   /usr/lib/x86_64-linux-gnu/gconv/gconv-modules.cache
7f59ec007000-7f59ec02d000 r--p 00000000 08:02 41297560                   /usr/share/locale-langpack/de/LC_MESSAGES/libc.mo
7f59ec02d000-7f59ec034000 r--s 0266d000 08:02 51380476                   /home/philipp/Studium/2014_SS/ITM/lib/xuggle-xuggler-5.4.jar
7f59ec034000-7f59ec04c000 r--s 001b9000 08:02 49678784                   /home/philipp/Studium/2014_SS/ITM/assignment2/itm/lib/jmf.jar
7f59ec04c000-7f59ed000000 rw-p 00000000 00:00 0 
7f59ed000000-7f59ed270000 rwxp 00000000 00:00 0 
7f59ed270000-7f59f03c1000 rw-p 00000000 00:00 0 
7f59f03c1000-7f59f4000000 ---p 00000000 00:00 0 
7f59f4001000-7f59f4006000 r--s 0004c000 08:02 41045911                   /usr/lib/jvm/java-7-openjdk-amd64/jre/lib/jsse.jar
7f59f4006000-7f59f4008000 r--s 00002000 08:02 49678795                   /home/philipp/Studium/2014_SS/ITM/assignment2/itm/lib/vorbisspi1.0.2.jar
7f59f4008000-7f59f4015000 r--s 00080000 08:02 49678790                   /home/philipp/Studium/2014_SS/ITM/assignment2/itm/lib/prefuse.jar
7f59f4015000-7f59f43e5000 rw-p 00000000 00:00 0 
7f59f43e5000-7f59f4593000 r--s 01cfc000 08:02 41045963                   /usr/lib/jvm/java-7-openjdk-amd64/jre/lib/rt.jar
7f59f4593000-7f59f4ad9000 rw-p 00000000 00:00 0 
7f59f4ad9000-7f59f4ada000 ---p 00000000 00:00 0 
7f59f4ada000-7f59f4bda000 rw-p 00000000 00:00 0                          [stack:23053]
7f59f4bda000-7f59f4bdb000 ---p 00000000 00:00 0 
7f59f4bdb000-7f59f4cdb000 rw-p 00000000 00:00 0                          [stack:23052]
7f59f4cdb000-7f59f4cdc000 ---p 00000000 00:00 0 
7f59f4cdc000-7f59f4ddc000 rw-p 00000000 00:00 0                          [stack:23051]
7f59f4ddc000-7f59f4ddd000 ---p 00000000 00:00 0 
7f59f4ddd000-7f59f4edd000 rw-p 00000000 00:00 0                          [stack:23050]
7f59f4edd000-7f59f4ede000 ---p 00000000 00:00 0 
7f59f4ede000-7f59f4fde000 rw-p 00000000 00:00 0                          [stack:23049]
7f59f4fde000-7f59f4fdf000 ---p 00000000 00:00 0 
7f59f4fdf000-7f59f50df000 rw-p 00000000 00:00 0                          [stack:23048]
7f59f50df000-7f59f50e0000 ---p 00000000 00:00 0 
7f59f50e0000-7f59f51e0000 rw-p 00000000 00:00 0                          [stack:23047]
7f59f51e0000-7f59f51e1000 ---p 00000000 00:00 0 
7f59f51e1000-7f59f52ec000 rw-p 00000000 00:00 0                          [stack:23046]
7f59f52ec000-7f59f5334000 rw-p 00000000 00:00 0 
7f59f5334000-7f59f535d000 rw-p 00000000 00:00 0 
7f59f535d000-7f59f55bf000 rw-p 00000000 00:00 0 
7f59f55bf000-7f59f55ca000 rw-p 00000000 00:00 0 
7f59f55ca000-7f59f5612000 rw-p 00000000 00:00 0 
7f59f5612000-7f59f563b000 rw-p 00000000 00:00 0 
7f59f563b000-7f59f589c000 rw-p 00000000 00:00 0 
7f59f589c000-7f59f58b1000 rw-p 00000000 00:00 0 
7f59f58b1000-7f59f59e2000 rw-p 00000000 00:00 0 
7f59f59e2000-7f59f59e3000 rw-p 00000000 00:00 0 
7f59f59e3000-7f59f59eb000 r-xp 00000000 08:02 41029920                   /usr/lib/jvm/java-7-openjdk-amd64/jre/lib/amd64/libzip.so
7f59f59eb000-7f59f5bea000 ---p 00008000 08:02 41029920                   /usr/lib/jvm/java-7-openjdk-amd64/jre/lib/amd64/libzip.so
7f59f5bea000-7f59f5beb000 r--p 00007000 08:02 41029920                   /usr/lib/jvm/java-7-openjdk-amd64/jre/lib/amd64/libzip.so
7f59f5beb000-7f59f5bec000 rw-p 00008000 08:02 41029920                   /usr/lib/jvm/java-7-openjdk-amd64/jre/lib/amd64/libzip.so
7f59f5bec000-7f59f5bf8000 r-xp 00000000 08:02 10751834                   /lib/x86_64-linux-gnu/libnss_files-2.17.so
7f59f5bf8000-7f59f5df7000 ---p 0000c000 08:02 10751834                   /lib/x86_64-linux-gnu/libnss_files-2.17.so
7f59f5df7000-7f59f5df8000 r--p 0000b000 08:02 10751834                   /lib/x86_64-linux-gnu/libnss_files-2.17.so
7f59f5df8000-7f59f5df9000 rw-p 0000c000 08:02 10751834                   /lib/x86_64-linux-gnu/libnss_files-2.17.so
7f59f5df9000-7f59f5e04000 r-xp 00000000 08:02 10751839                   /lib/x86_64-linux-gnu/libnss_nis-2.17.so
7f59f5e04000-7f59f6003000 ---p 0000b000 08:02 10751839                   /lib/x86_64-linux-gnu/libnss_nis-2.17.so
7f59f6003000-7f59f6004000 r--p 0000a000 08:02 10751839                   /lib/x86_64-linux-gnu/libnss_nis-2.17.so
7f59f6004000-7f59f6005000 rw-p 0000b000 08:02 10751839                   /lib/x86_64-linux-gnu/libnss_nis-2.17.so
7f59f6005000-7f59f601c000 r-xp 00000000 08:02 10751828                   /lib/x86_64-linux-gnu/libnsl-2.17.so
7f59f601c000-7f59f621b000 ---p 00017000 08:02 10751828                   /lib/x86_64-linux-gnu/libnsl-2.17.so
7f59f621b000-7f59f621c000 r--p 00016000 08:02 10751828                   /lib/x86_64-linux-gnu/libnsl-2.17.so
7f59f621c000-7f59f621d000 rw-p 00017000 08:02 10751828                   /lib/x86_64-linux-gnu/libnsl-2.17.so
7f59f621d000-7f59f621f000 rw-p 00000000 00:00 0 
7f59f621f000-7f59f6227000 r-xp 00000000 08:02 10751830                   /lib/x86_64-linux-gnu/libnss_compat-2.17.so
7f59f6227000-7f59f6426000 ---p 00008000 08:02 10751830                   /lib/x86_64-linux-gnu/libnss_compat-2.17.so
7f59f6426000-7f59f6427000 r--p 00007000 08:02 10751830                   /lib/x86_64-linux-gnu/libnss_compat-2.17.so
7f59f6427000-7f59f6428000 rw-p 00008000 08:02 10751830                   /lib/x86_64-linux-gnu/libnss_compat-2.17.so
7f59f6428000-7f59f6453000 r-xp 00000000 08:02 41029917                   /usr/lib/jvm/java-7-openjdk-amd64/jre/lib/amd64/libjava.so
7f59f6453000-7f59f6652000 ---p 0002b000 08:02 41029917                   /usr/lib/jvm/java-7-openjdk-amd64/jre/lib/amd64/libjava.so
7f59f6652000-7f59f6653000 r--p 0002a000 08:02 41029917                   /usr/lib/jvm/java-7-openjdk-amd64/jre/lib/amd64/libjava.so
7f59f6653000-7f59f6655000 rw-p 0002b000 08:02 41029917                   /usr/lib/jvm/java-7-openjdk-amd64/jre/lib/amd64/libjava.so
7f59f6655000-7f59f6665000 r-xp 00000000 08:02 41031005                   /usr/lib/jvm/java-7-openjdk-amd64/jre/lib/amd64/libverify.so
7f59f6665000-7f59f6864000 ---p 00010000 08:02 41031005                   /usr/lib/jvm/java-7-openjdk-amd64/jre/lib/amd64/libverify.so
7f59f6864000-7f59f6866000 r--p 0000f000 08:02 41031005                   /usr/lib/jvm/java-7-openjdk-amd64/jre/lib/amd64/libverify.so
7f59f6866000-7f59f6867000 rw-p 00011000 08:02 41031005                   /usr/lib/jvm/java-7-openjdk-amd64/jre/lib/amd64/libverify.so
7f59f6867000-7f59f686e000 r-xp 00000000 08:02 10751882                   /lib/x86_64-linux-gnu/librt-2.17.so
7f59f686e000-7f59f6a6d000 ---p 00007000 08:02 10751882                   /lib/x86_64-linux-gnu/librt-2.17.so
7f59f6a6d000-7f59f6a6e000 r--p 00006000 08:02 10751882                   /lib/x86_64-linux-gnu/librt-2.17.so
7f59f6a6e000-7f59f6a6f000 rw-p 00007000 08:02 10751882                   /lib/x86_64-linux-gnu/librt-2.17.so
7f59f6a6f000-7f59f6a84000 r-xp 00000000 08:02 10747909                   /lib/x86_64-linux-gnu/libgcc_s.so.1
7f59f6a84000-7f59f6c83000 ---p 00015000 08:02 10747909                   /lib/x86_64-linux-gnu/libgcc_s.so.1
7f59f6c83000-7f59f6c84000 r--p 00014000 08:02 10747909                   /lib/x86_64-linux-gnu/libgcc_s.so.1
7f59f6c84000-7f59f6c85000 rw-p 00015000 08:02 10747909                   /lib/x86_64-linux-gnu/libgcc_s.so.1
7f59f6c85000-7f59f6d88000 r-xp 00000000 08:02 10751809                   /lib/x86_64-linux-gnu/libm-2.17.so
7f59f6d88000-7f59f6f87000 ---p 00103000 08:02 10751809                   /lib/x86_64-linux-gnu/libm-2.17.so
7f59f6f87000-7f59f6f88000 r--p 00102000 08:02 10751809                   /lib/x86_64-linux-gnu/libm-2.17.so
7f59f6f88000-7f59f6f89000 rw-p 00103000 08:02 10751809                   /lib/x86_64-linux-gnu/libm-2.17.so
7f59f6f89000-7f59f706f000 r-xp 00000000 08:02 39589714                   /usr/lib/x86_64-linux-gnu/libstdc++.so.6.0.18
7f59f706f000-7f59f726e000 ---p 000e6000 08:02 39589714                   /usr/lib/x86_64-linux-gnu/libstdc++.so.6.0.18
7f59f726e000-7f59f7276000 r--p 000e5000 08:02 39589714                   /usr/lib/x86_64-linux-gnu/libstdc++.so.6.0.18
7f59f7276000-7f59f7278000 rw-p 000ed000 08:02 39589714                   /usr/lib/x86_64-linux-gnu/libstdc++.so.6.0.18
7f59f7278000-7f59f728d000 rw-p 00000000 00:00 0 
7f59f728d000-7f59f7d6c000 r-xp 00000000 08:02 41031736                   /usr/lib/jvm/java-7-openjdk-amd64/jre/lib/amd64/server/libjvm.so
7f59f7d6c000-7f59f7f6c000 ---p 00adf000 08:02 41031736                   /usr/lib/jvm/java-7-openjdk-amd64/jre/lib/amd64/server/libjvm.so
7f59f7f6c000-7f59f7ffe000 r--p 00adf000 08:02 41031736                   /usr/lib/jvm/java-7-openjdk-amd64/jre/lib/amd64/server/libjvm.so
7f59f7ffe000-7f59f8021000 rw-p 00b71000 08:02 41031736                   /usr/lib/jvm/java-7-openjdk-amd64/jre/lib/amd64/server/libjvm.so
7f59f8021000-7f59f804e000 rw-p 00000000 00:00 0 
7f59f804e000-7f59f8066000 r-xp 00000000 08:02 10751916                   /lib/x86_64-linux-gnu/libz.so.1.2.8
7f59f8066000-7f59f8265000 ---p 00018000 08:02 10751916                   /lib/x86_64-linux-gnu/libz.so.1.2.8
7f59f8265000-7f59f8266000 r--p 00017000 08:02 10751916                   /lib/x86_64-linux-gnu/libz.so.1.2.8
7f59f8266000-7f59f8267000 rw-p 00018000 08:02 10751916                   /lib/x86_64-linux-gnu/libz.so.1.2.8
7f59f8267000-7f59f827e000 r-xp 00000000 08:02 10751874                   /lib/x86_64-linux-gnu/libpthread-2.17.so
7f59f827e000-7f59f847e000 ---p 00017000 08:02 10751874                   /lib/x86_64-linux-gnu/libpthread-2.17.so
7f59f847e000-7f59f847f000 r--p 00017000 08:02 10751874                   /lib/x86_64-linux-gnu/libpthread-2.17.so
7f59f847f000-7f59f8480000 rw-p 00018000 08:02 10751874                   /lib/x86_64-linux-gnu/libpthread-2.17.so
7f59f8480000-7f59f8484000 rw-p 00000000 00:00 0 
7f59f8484000-7f59f8487000 r-xp 00000000 08:02 10751773                   /lib/x86_64-linux-gnu/libdl-2.17.so
7f59f8487000-7f59f8686000 ---p 00003000 08:02 10751773                   /lib/x86_64-linux-gnu/libdl-2.17.so
7f59f8686000-7f59f8687000 r--p 00002000 08:02 10751773                   /lib/x86_64-linux-gnu/libdl-2.17.so
7f59f8687000-7f59f8688000 rw-p 00003000 08:02 10751773                   /lib/x86_64-linux-gnu/libdl-2.17.so
7f59f8688000-7f59f8845000 r-xp 00000000 08:02 10751758                   /lib/x86_64-linux-gnu/libc-2.17.so
7f59f8845000-7f59f8a45000 ---p 001bd000 08:02 10751758                   /lib/x86_64-linux-gnu/libc-2.17.so
7f59f8a45000-7f59f8a49000 r--p 001bd000 08:02 10751758                   /lib/x86_64-linux-gnu/libc-2.17.so
7f59f8a49000-7f59f8a4b000 rw-p 001c1000 08:02 10751758                   /lib/x86_64-linux-gnu/libc-2.17.so
7f59f8a4b000-7f59f8a50000 rw-p 00000000 00:00 0 
7f59f8a50000-7f59f8a5d000 r-xp 00000000 08:02 41045901                   /usr/lib/jvm/java-7-openjdk-amd64/jre/lib/amd64/jli/libjli.so
7f59f8a5d000-7f59f8c5c000 ---p 0000d000 08:02 41045901                   /usr/lib/jvm/java-7-openjdk-amd64/jre/lib/amd64/jli/libjli.so
7f59f8c5c000-7f59f8c5d000 r--p 0000c000 08:02 41045901                   /usr/lib/jvm/java-7-openjdk-amd64/jre/lib/amd64/jli/libjli.so
7f59f8c5d000-7f59f8c5e000 rw-p 0000d000 08:02 41045901                   /usr/lib/jvm/java-7-openjdk-amd64/jre/lib/amd64/jli/libjli.so
7f59f8c5e000-7f59f8c81000 r-xp 00000000 08:02 10751734                   /lib/x86_64-linux-gnu/ld-2.17.so
7f59f8c81000-7f59f8c84000 r--s 00017000 08:02 49678794                   /home/philipp/Studium/2014_SS/ITM/assignment2/itm/lib/tritonus_share.jar
7f59f8c84000-7f59f8c85000 r--s 00006000 08:02 49678793                   /home/philipp/Studium/2014_SS/ITM/assignment2/itm/lib/tritonus_dsp-0.3.6.jar
7f59f8c85000-7f59f8c86000 r--s 00002000 08:02 49678792                   /home/philipp/Studium/2014_SS/ITM/assignment2/itm/lib/tritonus_aos-0.3.6.jar
7f59f8c86000-7f59f8c88000 r--s 00004000 08:02 49678791                   /home/philipp/Studium/2014_SS/ITM/assignment2/itm/lib/slf4j-api.jar
7f59f8c88000-7f59f8c89000 r--s 00005000 08:02 49678789                   /home/philipp/Studium/2014_SS/ITM/assignment2/itm/lib/mp3spi1.9.4.jar
7f59f8c89000-7f59f8c8f000 r--s 00033000 08:02 49678788                   /home/philipp/Studium/2014_SS/ITM/assignment2/itm/lib/logback-core.jar
7f59f8c8f000-7f59f8c94000 r--s 00022000 08:02 49678787                   /home/philipp/Studium/2014_SS/ITM/assignment2/itm/lib/logback-classic.jar
7f59f8c94000-7f59f8c96000 r--s 0000d000 08:02 49678786                   /home/philipp/Studium/2014_SS/ITM/assignment2/itm/lib/jorbis-0.0.15.jar
7f59f8c96000-7f59f8c99000 r--s 00017000 08:02 49678745                   /home/philipp/Studium/2014_SS/ITM/assignment2/itm/lib/jl1.0.jar
7f59f8c99000-7f59f8c9d000 r--s 0003b000 08:02 41045931                   /usr/lib/jvm/java-7-openjdk-amd64/jre/lib/ext/sunpkcs11.jar
7f59f8c9d000-7f59f8ca7000 rw-p 00000000 00:00 0 
7f59f8ca7000-7f59f8d5d000 rw-p 00000000 00:00 0 
7f59f8d5d000-7f59f8d60000 ---p 00000000 00:00 0 
7f59f8d60000-7f59f8e63000 rw-p 00000000 00:00 0                          [stack:23045]
7f59f8e63000-7f59f8e64000 r--s 00001000 08:02 49678785                   /home/philipp/Studium/2014_SS/ITM/assignment2/itm/lib/jogg-0.0.7.jar
7f59f8e64000-7f59f8e65000 r--s 00008000 08:02 49678689                   /home/philipp/Studium/2014_SS/ITM/assignment2/itm/lib/commons-cli.jar
7f59f8e65000-7f59f8e67000 r--s 00012000 08:02 41045925                   /usr/lib/jvm/java-7-openjdk-amd64/jre/lib/ext/zipfs.jar
7f59f8e67000-7f59f8e68000 r--s 00002000 08:02 41045929                   /usr/lib/jvm/java-7-openjdk-amd64/jre/lib/ext/dnsns.jar
7f59f8e68000-7f59f8e6b000 r--s 00032000 08:02 41045927                   /usr/lib/jvm/java-7-openjdk-amd64/jre/lib/ext/sunjce_provider.jar
7f59f8e6b000-7f59f8e6f000 r--s 00085000 08:02 41045921                   /usr/lib/jvm/java-7-openjdk-amd64/jre/lib/ext/localedata.jar
7f59f8e6f000-7f59f8e72000 r--s 0000f000 08:02 41045923                   /usr/lib/jvm/java-7-openjdk-amd64/jre/lib/ext/pulse-java.jar
7f59f8e72000-7f59f8e74000 r--s 00006000 08:02 39982271                   /usr/share/java/java-atk-wrapper.jar
7f59f8e74000-7f59f8e7c000 rw-s 00000000 08:02 59246398                   /tmp/hsperfdata_philipp/23040
7f59f8e7c000-7f59f8e7d000 rw-p 00000000 00:00 0 
7f59f8e7d000-7f59f8e7e000 r--p 00000000 00:00 0 
7f59f8e7e000-7f59f8e80000 rw-p 00000000 00:00 0 
7f59f8e80000-7f59f8e81000 r--p 00022000 08:02 10751734                   /lib/x86_64-linux-gnu/ld-2.17.so
7f59f8e81000-7f59f8e83000 rw-p 00023000 08:02 10751734                   /lib/x86_64-linux-gnu/ld-2.17.so
7fff2b95c000-7fff2b97d000 rw-p 00000000 00:00 0                          [stack]
7fff2b9fe000-7fff2ba00000 r-xp 00000000 00:00 0                          [vdso]
ffffffffff600000-ffffffffff601000 r-xp 00000000 00:00 0                  [vsyscall]

VM Arguments:
jvm_args: -Dfile.encoding=UTF-8 
java_command: itm.video.VideoFrameGrabber
Launcher Type: SUN_STANDARD

Environment Variables:
PATH=/home/philipp/bin:/usr/local/sbin:/usr/local/bin:/usr/sbin:/usr/bin:/sbin:/bin:/usr/games:/usr/local/games
USERNAME=philipp
SHELL=/bin/bash
DISPLAY=:0

Signal Handlers:
SIGSEGV: [libjvm.so+0x916eb0], sa_mask[0]=0x7ffbfeff, sa_flags=0x10000004
SIGBUS: [libjvm.so+0x916eb0], sa_mask[0]=0x7ffbfeff, sa_flags=0x10000004
SIGFPE: [libjvm.so+0x7947e0], sa_mask[0]=0x7ffbfeff, sa_flags=0x10000004
SIGPIPE: [libjvm.so+0x7947e0], sa_mask[0]=0x7ffbfeff, sa_flags=0x10000004
SIGXFSZ: [libjvm.so+0x7947e0], sa_mask[0]=0x7ffbfeff, sa_flags=0x10000004
SIGILL: [libjvm.so+0x7947e0], sa_mask[0]=0x7ffbfeff, sa_flags=0x10000004
SIGUSR1: SIG_DFL, sa_mask[0]=0x00000000, sa_flags=0x00000000
SIGUSR2: [libjvm.so+0x794680], sa_mask[0]=0x00000004, sa_flags=0x10000004
SIGHUP: [libjvm.so+0x794860], sa_mask[0]=0x7ffbfeff, sa_flags=0x10000004
SIGINT: [libjvm.so+0x794860], sa_mask[0]=0x7ffbfeff, sa_flags=0x10000004
SIGTERM: [libjvm.so+0x794860], sa_mask[0]=0x7ffbfeff, sa_flags=0x10000004
SIGQUIT: [libjvm.so+0x794860], sa_mask[0]=0x7ffbfeff, sa_flags=0x10000004


---------------  S Y S T E M  ---------------

OS:Ubuntu 13.10 (saucy)
uname:Linux 3.11.0-20-generic #34-Ubuntu SMP Tue Apr 1 20:40:25 UTC 2014 x86_64
libc:glibc 2.17 NPTL 2.17 
rlimit: STACK 8192k, CORE 0k, NPROC 61776, NOFILE 4096, AS infinity
load average:2,57 0,75 0,34

/proc/meminfo:
MemTotal:        7990020 kB
MemFree:         4087744 kB
Buffers:          107460 kB
Cached:          2139904 kB
SwapCached:            0 kB
Active:          1908928 kB
Inactive:        1724624 kB
Active(anon):    1388136 kB
Inactive(anon):   269988 kB
Active(file):     520792 kB
Inactive(file):  1454636 kB
Unevictable:          32 kB
Mlocked:              32 kB
SwapTotal:       8199164 kB
SwapFree:        8199164 kB
Dirty:              7480 kB
Writeback:         17340 kB
AnonPages:       1385776 kB
Mapped:           335720 kB
Shmem:            271804 kB
Slab:             138180 kB
SReclaimable:      94940 kB
SUnreclaim:        43240 kB
KernelStack:        5896 kB
PageTables:        42980 kB
NFS_Unstable:          0 kB
Bounce:                0 kB
WritebackTmp:          0 kB
CommitLimit:    12194172 kB
Committed_AS:    6519000 kB
VmallocTotal:   34359738367 kB
VmallocUsed:      430568 kB
VmallocChunk:   34359297112 kB
HardwareCorrupted:     0 kB
AnonHugePages:         0 kB
HugePages_Total:       0
HugePages_Free:        0
HugePages_Rsvd:        0
HugePages_Surp:        0
Hugepagesize:       2048 kB
DirectMap4k:       80636 kB
DirectMap2M:     8122368 kB


CPU:total 8 (4 cores per cpu, 2 threads per core) family 6 model 58 stepping 9, cmov, cx8, fxsr, mmx, sse, sse2, sse3, ssse3, sse4.1, sse4.2, popcnt, avx, aes, erms, ht, tsc, tscinvbit, tscinv

/proc/cpuinfo:
processor	: 0
vendor_id	: GenuineIntel
cpu family	: 6
model		: 58
model name	: Intel(R) Core(TM) i7-3630QM CPU @ 2.40GHz
stepping	: 9
microcode	: 0x15
cpu MHz		: 1200.000
cache size	: 6144 KB
physical id	: 0
siblings	: 8
core id		: 0
cpu cores	: 4
apicid		: 0
initial apicid	: 0
fpu		: yes
fpu_exception	: yes
cpuid level	: 13
wp		: yes
flags		: fpu vme de pse tsc msr pae mce cx8 apic sep mtrr pge mca cmov pat pse36 clflush dts acpi mmx fxsr sse sse2 ss ht tm pbe syscall nx rdtscp lm constant_tsc arch_perfmon pebs bts rep_good nopl xtopology nonstop_tsc aperfmperf eagerfpu pni pclmulqdq dtes64 monitor ds_cpl vmx est tm2 ssse3 cx16 xtpr pdcm pcid sse4_1 sse4_2 x2apic popcnt tsc_deadline_timer aes xsave avx f16c rdrand lahf_lm ida arat epb xsaveopt pln pts dtherm tpr_shadow vnmi flexpriority ept vpid fsgsbase smep erms
bogomips	: 4789.30
clflush size	: 64
cache_alignment	: 64
address sizes	: 36 bits physical, 48 bits virtual
power management:

processor	: 1
vendor_id	: GenuineIntel
cpu family	: 6
model		: 58
model name	: Intel(R) Core(TM) i7-3630QM CPU @ 2.40GHz
stepping	: 9
microcode	: 0x15
cpu MHz		: 2401.000
cache size	: 6144 KB
physical id	: 0
siblings	: 8
core id		: 0
cpu cores	: 4
apicid		: 1
initial apicid	: 1
fpu		: yes
fpu_exception	: yes
cpuid level	: 13
wp		: yes
flags		: fpu vme de pse tsc msr pae mce cx8 apic sep mtrr pge mca cmov pat pse36 clflush dts acpi mmx fxsr sse sse2 ss ht tm pbe syscall nx rdtscp lm constant_tsc arch_perfmon pebs bts rep_good nopl xtopology nonstop_tsc aperfmperf eagerfpu pni pclmulqdq dtes64 monitor ds_cpl vmx est tm2 ssse3 cx16 xtpr pdcm pcid sse4_1 sse4_2 x2apic popcnt tsc_deadline_timer aes xsave avx f16c rdrand lahf_lm ida arat epb xsaveopt pln pts dtherm tpr_shadow vnmi flexpriority ept vpid fsgsbase smep erms
bogomips	: 4789.30
clflush size	: 64
cache_alignment	: 64
address sizes	: 36 bits physical, 48 bits virtual
power management:

processor	: 2
vendor_id	: GenuineIntel
cpu family	: 6
model		: 58
model name	: Intel(R) Core(TM) i7-3630QM CPU @ 2.40GHz
stepping	: 9
microcode	: 0x15
cpu MHz		: 1200.000
cache size	: 6144 KB
physical id	: 0
siblings	: 8
core id		: 1
cpu cores	: 4
apicid		: 2
initial apicid	: 2
fpu		: yes
fpu_exception	: yes
cpuid level	: 13
wp		: yes
flags		: fpu vme de pse tsc msr pae mce cx8 apic sep mtrr pge mca cmov pat pse36 clflush dts acpi mmx fxsr sse sse2 ss ht tm pbe syscall nx rdtscp lm constant_tsc arch_perfmon pebs bts rep_good nopl xtopology nonstop_tsc aperfmperf eagerfpu pni pclmulqdq dtes64 monitor ds_cpl vmx est tm2 ssse3 cx16 xtpr pdcm pcid sse4_1 sse4_2 x2apic popcnt tsc_deadline_timer aes xsave avx f16c rdrand lahf_lm ida arat epb xsaveopt pln pts dtherm tpr_shadow vnmi flexpriority ept vpid fsgsbase smep erms
bogomips	: 4789.30
clflush size	: 64
cache_alignment	: 64
address sizes	: 36 bits physical, 48 bits virtual
power management:

processor	: 3
vendor_id	: GenuineIntel
cpu family	: 6
model		: 58
model name	: Intel(R) Core(TM) i7-3630QM CPU @ 2.40GHz
stepping	: 9
microcode	: 0x15
cpu MHz		: 2401.000
cache size	: 6144 KB
physical id	: 0
siblings	: 8
core id		: 1
cpu cores	: 4
apicid		: 3
initial apicid	: 3
fpu		: yes
fpu_exception	: yes
cpuid level	: 13
wp		: yes
flags		: fpu vme de pse tsc msr pae mce cx8 apic sep mtrr pge mca cmov pat pse36 clflush dts acpi mmx fxsr sse sse2 ss ht tm pbe syscall nx rdtscp lm constant_tsc arch_perfmon pebs bts rep_good nopl xtopology nonstop_tsc aperfmperf eagerfpu pni pclmulqdq dtes64 monitor ds_cpl vmx est tm2 ssse3 cx16 xtpr pdcm pcid sse4_1 sse4_2 x2apic popcnt tsc_deadline_timer aes xsave avx f16c rdrand lahf_lm ida arat epb xsaveopt pln pts dtherm tpr_shadow vnmi flexpriority ept vpid fsgsbase smep erms
bogomips	: 4789.30
clflush size	: 64
cache_alignment	: 64
address sizes	: 36 bits physical, 48 bits virtual
power management:

processor	: 4
vendor_id	: GenuineIntel
cpu family	: 6
model		: 58
model name	: Intel(R) Core(TM) i7-3630QM CPU @ 2.40GHz
stepping	: 9
microcode	: 0x15
cpu MHz		: 1200.000
cache size	: 6144 KB
physical id	: 0
siblings	: 8
core id		: 2
cpu cores	: 4
apicid		: 4
initial apicid	: 4
fpu		: yes
fpu_exception	: yes
cpuid level	: 13
wp		: yes
flags		: fpu vme de pse tsc msr pae mce cx8 apic sep mtrr pge mca cmov pat pse36 clflush dts acpi mmx fxsr sse sse2 ss ht tm pbe syscall nx rdtscp lm constant_tsc arch_perfmon pebs bts rep_good nopl xtopology nonstop_tsc aperfmperf eagerfpu pni pclmulqdq dtes64 monitor ds_cpl vmx est tm2 ssse3 cx16 xtpr pdcm pcid sse4_1 sse4_2 x2apic popcnt tsc_deadline_timer aes xsave avx f16c rdrand lahf_lm ida arat epb xsaveopt pln pts dtherm tpr_shadow vnmi flexpriority ept vpid fsgsbase smep erms
bogomips	: 4789.30
clflush size	: 64
cache_alignment	: 64
address sizes	: 36 bits physical, 48 bits virtual
power management:

processor	: 5
vendor_id	: GenuineIntel
cpu family	: 6
model		: 58
model name	: Intel(R) Core(TM) i7-3630QM CPU @ 2.40GHz
stepping	: 9
microcode	: 0x15
cpu MHz		: 2401.000
cache size	: 6144 KB
physical id	: 0
siblings	: 8
core id		: 2
cpu cores	: 4
apicid		: 5
initial apicid	: 5
fpu		: yes
fpu_exception	: yes
cpuid level	: 13
wp		: yes
flags		: fpu vme de pse tsc msr pae mce cx8 apic sep mtrr pge mca cmov pat pse36 clflush dts acpi mmx fxsr sse sse2 ss ht tm pbe syscall nx rdtscp lm constant_tsc arch_perfmon pebs bts rep_good nopl xtopology nonstop_tsc aperfmperf eagerfpu pni pclmulqdq dtes64 monitor ds_cpl vmx est tm2 ssse3 cx16 xtpr pdcm pcid sse4_1 sse4_2 x2apic popcnt tsc_deadline_timer aes xsave avx f16c rdrand lahf_lm ida arat epb xsaveopt pln pts dtherm tpr_shadow vnmi flexpriority ept vpid fsgsbase smep erms
bogomips	: 4789.30
clflush size	: 64
cache_alignment	: 64
address sizes	: 36 bits physical, 48 bits virtual
power management:

processor	: 6
vendor_id	: GenuineIntel
cpu family	: 6
model		: 58
model name	: Intel(R) Core(TM) i7-3630QM CPU @ 2.40GHz
stepping	: 9
microcode	: 0x15
cpu MHz		: 1200.000
cache size	: 6144 KB
physical id	: 0
siblings	: 8
core id		: 3
cpu cores	: 4
apicid		: 6
initial apicid	: 6
fpu		: yes
fpu_exception	: yes
cpuid level	: 13
wp		: yes
flags		: fpu vme de pse tsc msr pae mce cx8 apic sep mtrr pge mca cmov pat pse36 clflush dts acpi mmx fxsr sse sse2 ss ht tm pbe syscall nx rdtscp lm constant_tsc arch_perfmon pebs bts rep_good nopl xtopology nonstop_tsc aperfmperf eagerfpu pni pclmulqdq dtes64 monitor ds_cpl vmx est tm2 ssse3 cx16 xtpr pdcm pcid sse4_1 sse4_2 x2apic popcnt tsc_deadline_timer aes xsave avx f16c rdrand lahf_lm ida arat epb xsaveopt pln pts dtherm tpr_shadow vnmi flexpriority ept vpid fsgsbase smep erms
bogomips	: 4789.30
clflush size	: 64
cache_alignment	: 64
address sizes	: 36 bits physical, 48 bits virtual
power management:

processor	: 7
vendor_id	: GenuineIntel
cpu family	: 6
model		: 58
model name	: Intel(R) Core(TM) i7-3630QM CPU @ 2.40GHz
stepping	: 9
microcode	: 0x15
cpu MHz		: 1200.000
cache size	: 6144 KB
physical id	: 0
siblings	: 8
core id		: 3
cpu cores	: 4
apicid		: 7
initial apicid	: 7
fpu		: yes
fpu_exception	: yes
cpuid level	: 13
wp		: yes
flags		: fpu vme de pse tsc msr pae mce cx8 apic sep mtrr pge mca cmov pat pse36 clflush dts acpi mmx fxsr sse sse2 ss ht tm pbe syscall nx rdtscp lm constant_tsc arch_perfmon pebs bts rep_good nopl xtopology nonstop_tsc aperfmperf eagerfpu pni pclmulqdq dtes64 monitor ds_cpl vmx est tm2 ssse3 cx16 xtpr pdcm pcid sse4_1 sse4_2 x2apic popcnt tsc_deadline_timer aes xsave avx f16c rdrand lahf_lm ida arat epb xsaveopt pln pts dtherm tpr_shadow vnmi flexpriority ept vpid fsgsbase smep erms
bogomips	: 4789.30
clflush size	: 64
cache_alignment	: 64
address sizes	: 36 bits physical, 48 bits virtual
power management:



Memory: 4k page, physical 7990020k(4087744k free), swap 8199164k(8199164k free)

vm_info: OpenJDK 64-Bit Server VM (24.51-b03) for linux-amd64 JRE (1.7.0_55-b14), built on Apr 17 2014 21:13:26 by "buildd" with gcc 4.8.1

time: Thu May  8 00:48:43 2014
elapsed time: 0 seconds

